2023-05-31 16:01:20,361 INFO o.a.j.u.JMeterUtils: Setting Locale to en_EN
2023-05-31 16:01:20,384 INFO o.a.j.JMeter: Loading user properties from: /home/javier/Documentos/DevOps-Unir/Caso práctico Jenkins T-4/Repo Hello World/helloworld-master/test/apache-jmeter-5.5/bin/user.properties
2023-05-31 16:01:20,384 INFO o.a.j.JMeter: Loading system properties from: /home/javier/Documentos/DevOps-Unir/Caso práctico Jenkins T-4/Repo Hello World/helloworld-master/test/apache-jmeter-5.5/bin/system.properties
2023-05-31 16:01:20,390 INFO o.a.j.JMeter: Copyright (c) 1998-2022 The Apache Software Foundation
2023-05-31 16:01:20,390 INFO o.a.j.JMeter: Version 5.5
2023-05-31 16:01:20,390 INFO o.a.j.JMeter: java.version=11.0.19
2023-05-31 16:01:20,390 INFO o.a.j.JMeter: java.vm.name=OpenJDK 64-Bit Server VM
2023-05-31 16:01:20,390 INFO o.a.j.JMeter: os.name=Linux
2023-05-31 16:01:20,390 INFO o.a.j.JMeter: os.arch=amd64
2023-05-31 16:01:20,390 INFO o.a.j.JMeter: os.version=5.15.0-73-generic
2023-05-31 16:01:20,390 INFO o.a.j.JMeter: file.encoding=UTF-8
2023-05-31 16:01:20,390 INFO o.a.j.JMeter: java.awt.headless=true
2023-05-31 16:01:20,390 INFO o.a.j.JMeter: Max memory     =1073741824
2023-05-31 16:01:20,390 INFO o.a.j.JMeter: Available Processors =12
2023-05-31 16:01:20,396 INFO o.a.j.JMeter: Default Locale=English (EN)
2023-05-31 16:01:20,397 INFO o.a.j.JMeter: JMeter  Locale=English (EN)
2023-05-31 16:01:20,397 INFO o.a.j.JMeter: JMeterHome=/home/javier/Documentos/DevOps-Unir/Caso práctico Jenkins T-4/Repo Hello World/helloworld-master/test/apache-jmeter-5.5
2023-05-31 16:01:20,397 INFO o.a.j.JMeter: user.dir  =/home/javier/Documentos/DevOps-Unir/Caso práctico Jenkins T-4/Repo Hello World/helloworld-master
2023-05-31 16:01:20,397 INFO o.a.j.JMeter: PWD       =/home/javier/Documentos/DevOps-Unir/Caso práctico Jenkins T-4/Repo Hello World/helloworld-master
2023-05-31 16:01:20,397 INFO o.a.j.JMeter: IP: 127.0.1.1 Name: My-Laptop FullName: My-Laptop
2023-05-31 16:01:20,405 INFO o.a.j.s.FileServer: Default base='/home/javier/Documentos/DevOps-Unir/Caso práctico Jenkins T-4/Repo Hello World/helloworld-master'
2023-05-31 16:01:20,406 INFO o.a.j.s.FileServer: Set new base='/home/javier/Documentos/DevOps-Unir/Caso práctico Jenkins T-4/Repo Hello World/helloworld-master/test/jmeter'
2023-05-31 16:01:20,531 INFO o.a.j.s.SaveService: Testplan (JMX) version: 2.2. Testlog (JTL) version: 2.2
2023-05-31 16:01:20,548 INFO o.a.j.s.SaveService: Using SaveService properties version 5.0
2023-05-31 16:01:20,551 INFO o.a.j.s.SaveService: Using SaveService properties file encoding UTF-8
2023-05-31 16:01:20,553 INFO o.a.j.s.SaveService: Loading file: test/jmeter/flask.jmx
2023-05-31 16:01:20,610 INFO o.a.j.p.h.s.HTTPSamplerBase: Parser for text/html is org.apache.jmeter.protocol.http.parser.LagartoBasedHtmlParser
2023-05-31 16:01:20,610 INFO o.a.j.p.h.s.HTTPSamplerBase: Parser for application/xhtml+xml is org.apache.jmeter.protocol.http.parser.LagartoBasedHtmlParser
2023-05-31 16:01:20,610 INFO o.a.j.p.h.s.HTTPSamplerBase: Parser for application/xml is org.apache.jmeter.protocol.http.parser.LagartoBasedHtmlParser
2023-05-31 16:01:20,610 INFO o.a.j.p.h.s.HTTPSamplerBase: Parser for text/xml is org.apache.jmeter.protocol.http.parser.LagartoBasedHtmlParser
2023-05-31 16:01:20,610 INFO o.a.j.p.h.s.HTTPSamplerBase: Parser for text/vnd.wap.wml is org.apache.jmeter.protocol.http.parser.RegexpHTMLParser
2023-05-31 16:01:20,610 INFO o.a.j.p.h.s.HTTPSamplerBase: Parser for text/css is org.apache.jmeter.protocol.http.parser.CssParser
2023-05-31 16:01:20,626 INFO o.a.j.JMeter: Creating summariser <summary>
2023-05-31 16:01:20,638 INFO o.a.j.e.StandardJMeterEngine: Running the test!
2023-05-31 16:01:20,640 INFO o.a.j.s.SampleEvent: List of sample_variables: []
2023-05-31 16:01:20,640 INFO o.a.j.s.SampleEvent: List of sample_variables: []
2023-05-31 16:01:20,649 INFO o.a.j.e.u.CompoundVariable: Note: Function class names must contain the string: '.functions.'
2023-05-31 16:01:20,649 INFO o.a.j.e.u.CompoundVariable: Note: Function class names must not contain the string: '.gui.'
2023-05-31 16:01:20,902 INFO o.a.j.JMeter: Running test (1685541680902)
2023-05-31 16:01:20,920 INFO o.a.j.e.StandardJMeterEngine: Starting ThreadGroup: 1 : Thread Group
2023-05-31 16:01:20,921 INFO o.a.j.e.StandardJMeterEngine: Starting 20 threads for group Thread Group.
2023-05-31 16:01:20,921 INFO o.a.j.e.StandardJMeterEngine: Thread will continue on error
2023-05-31 16:01:20,921 INFO o.a.j.t.ThreadGroup: Starting thread group... number=1 threads=20 ramp-up=1 delayedStart=false
2023-05-31 16:01:20,940 INFO o.a.j.t.JMeterThread: Thread started: Thread Group 1-1
2023-05-31 16:01:20,947 INFO o.a.j.t.ThreadGroup: Started thread group number 1
2023-05-31 16:01:20,947 INFO o.a.j.e.StandardJMeterEngine: All thread groups have been started
2023-05-31 16:01:20,958 INFO o.a.j.p.h.s.HTTPHCAbstractImpl: Local host = My-Laptop
2023-05-31 16:01:20,962 INFO o.a.j.p.h.s.HTTPHC4Impl: HTTP request retry count = 0
2023-05-31 16:01:20,963 INFO o.a.j.s.SampleResult: Note: Sample TimeStamps are START times
2023-05-31 16:01:20,963 INFO o.a.j.s.SampleResult: sampleresult.default.encoding is set to ISO-8859-1
2023-05-31 16:01:20,963 INFO o.a.j.s.SampleResult: sampleresult.useNanoTime=true
2023-05-31 16:01:20,963 INFO o.a.j.s.SampleResult: sampleresult.nanoThreadSleep=5000
2023-05-31 16:01:20,982 INFO o.a.j.t.JMeterThread: Thread started: Thread Group 1-2
2023-05-31 16:01:21,031 INFO o.a.j.t.JMeterThread: Thread started: Thread Group 1-3
2023-05-31 16:01:21,079 INFO o.a.j.t.JMeterThread: Thread started: Thread Group 1-4
2023-05-31 16:01:21,092 INFO o.a.j.t.JMeterThread: Thread is done: Thread Group 1-3
2023-05-31 16:01:21,092 INFO o.a.j.t.JMeterThread: Thread finished: Thread Group 1-3
2023-05-31 16:01:21,096 INFO o.a.j.t.JMeterThread: Thread is done: Thread Group 1-1
2023-05-31 16:01:21,096 INFO o.a.j.t.JMeterThread: Thread finished: Thread Group 1-1
2023-05-31 16:01:21,098 INFO o.a.j.t.JMeterThread: Thread is done: Thread Group 1-2
2023-05-31 16:01:21,098 INFO o.a.j.t.JMeterThread: Thread finished: Thread Group 1-2
2023-05-31 16:01:21,109 INFO o.a.j.t.JMeterThread: Thread is done: Thread Group 1-4
2023-05-31 16:01:21,109 INFO o.a.j.t.JMeterThread: Thread finished: Thread Group 1-4
2023-05-31 16:01:21,129 INFO o.a.j.t.JMeterThread: Thread started: Thread Group 1-5
2023-05-31 16:01:21,155 INFO o.a.j.t.JMeterThread: Thread is done: Thread Group 1-5
2023-05-31 16:01:21,155 INFO o.a.j.t.JMeterThread: Thread finished: Thread Group 1-5
2023-05-31 16:01:21,178 INFO o.a.j.t.JMeterThread: Thread started: Thread Group 1-6
2023-05-31 16:01:21,200 INFO o.a.j.t.JMeterThread: Thread is done: Thread Group 1-6
2023-05-31 16:01:21,200 INFO o.a.j.t.JMeterThread: Thread finished: Thread Group 1-6
2023-05-31 16:01:21,227 INFO o.a.j.t.JMeterThread: Thread started: Thread Group 1-7
2023-05-31 16:01:21,253 INFO o.a.j.t.JMeterThread: Thread is done: Thread Group 1-7
2023-05-31 16:01:21,254 INFO o.a.j.t.JMeterThread: Thread finished: Thread Group 1-7
2023-05-31 16:01:21,277 INFO o.a.j.t.JMeterThread: Thread started: Thread Group 1-8
2023-05-31 16:01:21,303 INFO o.a.j.t.JMeterThread: Thread is done: Thread Group 1-8
2023-05-31 16:01:21,303 INFO o.a.j.t.JMeterThread: Thread finished: Thread Group 1-8
2023-05-31 16:01:21,326 INFO o.a.j.t.JMeterThread: Thread started: Thread Group 1-9
2023-05-31 16:01:21,352 INFO o.a.j.t.JMeterThread: Thread is done: Thread Group 1-9
2023-05-31 16:01:21,353 INFO o.a.j.t.JMeterThread: Thread finished: Thread Group 1-9
2023-05-31 16:01:21,376 INFO o.a.j.t.JMeterThread: Thread started: Thread Group 1-10
2023-05-31 16:01:21,402 INFO o.a.j.t.JMeterThread: Thread is done: Thread Group 1-10
2023-05-31 16:01:21,402 INFO o.a.j.t.JMeterThread: Thread finished: Thread Group 1-10
2023-05-31 16:01:21,427 INFO o.a.j.t.JMeterThread: Thread started: Thread Group 1-11
2023-05-31 16:01:21,452 INFO o.a.j.t.JMeterThread: Thread is done: Thread Group 1-11
2023-05-31 16:01:21,452 INFO o.a.j.t.JMeterThread: Thread finished: Thread Group 1-11
2023-05-31 16:01:21,472 INFO o.a.j.t.JMeterThread: Thread started: Thread Group 1-12
2023-05-31 16:01:21,498 INFO o.a.j.t.JMeterThread: Thread is done: Thread Group 1-12
2023-05-31 16:01:21,498 INFO o.a.j.t.JMeterThread: Thread finished: Thread Group 1-12
2023-05-31 16:01:21,522 INFO o.a.j.t.JMeterThread: Thread started: Thread Group 1-13
2023-05-31 16:01:21,546 INFO o.a.j.t.JMeterThread: Thread is done: Thread Group 1-13
2023-05-31 16:01:21,546 INFO o.a.j.t.JMeterThread: Thread finished: Thread Group 1-13
2023-05-31 16:01:21,573 INFO o.a.j.t.JMeterThread: Thread started: Thread Group 1-14
2023-05-31 16:01:21,599 INFO o.a.j.t.JMeterThread: Thread is done: Thread Group 1-14
2023-05-31 16:01:21,600 INFO o.a.j.t.JMeterThread: Thread finished: Thread Group 1-14
2023-05-31 16:01:21,622 INFO o.a.j.t.JMeterThread: Thread started: Thread Group 1-15
2023-05-31 16:01:21,649 INFO o.a.j.t.JMeterThread: Thread is done: Thread Group 1-15
2023-05-31 16:01:21,649 INFO o.a.j.t.JMeterThread: Thread finished: Thread Group 1-15
2023-05-31 16:01:21,672 INFO o.a.j.t.JMeterThread: Thread started: Thread Group 1-16
2023-05-31 16:01:21,698 INFO o.a.j.t.JMeterThread: Thread is done: Thread Group 1-16
2023-05-31 16:01:21,698 INFO o.a.j.t.JMeterThread: Thread finished: Thread Group 1-16
2023-05-31 16:01:21,723 INFO o.a.j.t.JMeterThread: Thread started: Thread Group 1-17
2023-05-31 16:01:21,750 INFO o.a.j.t.JMeterThread: Thread is done: Thread Group 1-17
2023-05-31 16:01:21,750 INFO o.a.j.t.JMeterThread: Thread finished: Thread Group 1-17
2023-05-31 16:01:21,772 INFO o.a.j.t.JMeterThread: Thread started: Thread Group 1-18
2023-05-31 16:01:21,798 INFO o.a.j.t.JMeterThread: Thread is done: Thread Group 1-18
2023-05-31 16:01:21,799 INFO o.a.j.t.JMeterThread: Thread finished: Thread Group 1-18
2023-05-31 16:01:21,823 INFO o.a.j.t.JMeterThread: Thread started: Thread Group 1-19
2023-05-31 16:01:21,848 INFO o.a.j.t.JMeterThread: Thread is done: Thread Group 1-19
2023-05-31 16:01:21,849 INFO o.a.j.t.JMeterThread: Thread finished: Thread Group 1-19
2023-05-31 16:01:21,872 INFO o.a.j.t.JMeterThread: Thread started: Thread Group 1-20
2023-05-31 16:01:21,898 INFO o.a.j.t.JMeterThread: Thread is done: Thread Group 1-20
2023-05-31 16:01:21,898 INFO o.a.j.t.JMeterThread: Thread finished: Thread Group 1-20
2023-05-31 16:01:21,898 INFO o.a.j.e.StandardJMeterEngine: Notifying test listeners of end of test
2023-05-31 16:01:21,900 INFO o.a.j.r.Summariser: summary =    160 in 00:00:01 =  160.5/s Avg:     3 Min:     1 Max:    30 Err:     0 (0.00%)
